<?xml version="1.0" encoding="UTF-8"?>
<!-- Generated by org.testng.reporters.JUnitReportReporter -->
<testsuite hostname="EREV332-PC" name="com.nostalgiaguy.testng.test.MethodInterceptorListenerExample" tests="1" failures="0" timestamp="5 Mar 2015 10:33:56 GMT" time="0.011" errors="0">
  <testcase name="t1" time="0.011" classname="com.nostalgiaguy.testng.test.MethodInterceptorListenerExample"/>
</testsuite> <!-- com.nostalgiaguy.testng.test.MethodInterceptorListenerExample -->
