<?xml version="1.0" encoding="UTF-8"?>
<!-- Generated by org.testng.reporters.JUnitReportReporter -->
<testsuite hostname="EREV332-PC" name="com.nostalgiaguy.testng.test.InvokedMethodListenerExample" tests="1" failures="0" timestamp="5 Mar 2015 10:49:02 GMT" time="0.006" errors="0">
  <testcase name="t1" time="0.006" classname="com.nostalgiaguy.testng.test.InvokedMethodListenerExample"/>
</testsuite> <!-- com.nostalgiaguy.testng.test.InvokedMethodListenerExample -->
