<?xml version="1.0" encoding="UTF-8"?>
<!-- Generated by org.testng.reporters.JUnitReportReporter -->
<testsuite hostname="EREV332-PC" name="com.nostalgiaguy.singleton.test.SingletonUsingInnerClassTest" tests="1" failures="0" timestamp="26 Feb 2015 09:38:10 GMT" time="0.014" errors="0">
  <testcase name="testSingleton" time="0.014" classname="com.nostalgiaguy.singleton.test.SingletonUsingInnerClassTest"/>
</testsuite> <!-- com.nostalgiaguy.singleton.test.SingletonUsingInnerClassTest -->
