<?xml version="1.0" encoding="UTF-8"?>
<!-- Generated by org.testng.reporters.JUnitReportReporter -->
<testsuite hostname="EREV332-PC" name="com.nostalgiaguy.testng.test.DataProviderAnnotationTransformerExample" tests="3" failures="0" timestamp="5 Mar 2015 07:44:19 GMT" time="0.027" errors="0">
  <testcase name="largeDataTest" time="0.009" classname="com.nostalgiaguy.testng.test.DataProviderAnnotationTransformerExample"/>
  <testcase name="largeDataTest" time="0.009" classname="com.nostalgiaguy.testng.test.DataProviderAnnotationTransformerExample"/>
  <testcase name="largeDataTest" time="0.009" classname="com.nostalgiaguy.testng.test.DataProviderAnnotationTransformerExample"/>
</testsuite> <!-- com.nostalgiaguy.testng.test.DataProviderAnnotationTransformerExample -->
