<?xml version="1.0" encoding="UTF-8"?>
<!-- Generated by org.testng.reporters.JUnitReportReporter -->
<testsuite hostname="EREV332-PC" name="com.nostalgiaguy.singleton.test.LazySingletonDoubleLockCheckTest" tests="1" failures="0" timestamp="4 Mar 2015 10:43:39 GMT" time="0.062" errors="0">
  <testcase name="testSingleton" time="0.062" classname="com.nostalgiaguy.singleton.test.LazySingletonDoubleLockCheckTest"/>
</testsuite> <!-- com.nostalgiaguy.singleton.test.LazySingletonDoubleLockCheckTest -->
