<?xml version="1.0" encoding="UTF-8"?>
<!-- Generated by org.testng.reporters.JUnitReportReporter -->
<testsuite hostname="EREV332-PC" name="com.nostalgiaguy.singleton.test.EagerSingletonClassTest" tests="1" failures="0" timestamp="26 Feb 2015 08:49:32 GMT" time="0.039" errors="0">
  <testcase name="testSingleton" time="0.039" classname="com.nostalgiaguy.singleton.test.EagerSingletonClassTest"/>
</testsuite> <!-- com.nostalgiaguy.singleton.test.EagerSingletonClassTest -->
