<?xml version="1.0" encoding="UTF-8"?>
<!-- Generated by org.testng.reporters.JUnitReportReporter -->
<testsuite hostname="EREV332-PC" name="com.nostalgiaguy.testng.test.TestClass" tests="1" failures="0" timestamp="9 Mar 2015 06:44:17 GMT" time="0.001" errors="0">
  <testcase name="t" time="0.001" classname="com.nostalgiaguy.testng.test.TestClass"/>
</testsuite> <!-- com.nostalgiaguy.testng.test.TestClass -->
