<?xml version="1.0" encoding="UTF-8"?>
<!-- Generated by org.testng.reporters.JUnitReportReporter -->
<testsuite hostname="EREV332-PC" name="com.nostalgiaguy.testng.test.FactoryAnnotationTransformerExample" tests="3" failures="0" timestamp="5 Mar 2015 07:48:51 GMT" time="0.012" errors="0">
  <testcase name="test_1" time="0.010" classname="com.nostalgiaguy.testng.test.FactoryAnnotationTransformerExample"/>
  <testcase name="test_1" time="0.000" classname="com.nostalgiaguy.testng.test.FactoryAnnotationTransformerExample"/>
  <testcase name="test_1" time="0.002" classname="com.nostalgiaguy.testng.test.FactoryAnnotationTransformerExample"/>
</testsuite> <!-- com.nostalgiaguy.testng.test.FactoryAnnotationTransformerExample -->
