<?xml version="1.0" encoding="UTF-8"?>
<!-- Generated by org.testng.reporters.JUnitReportReporter -->
<testsuite hostname="EREV332-PC" name="com.nostalgiaguy.testng.test.ConfigurationAnnotationTransformerExample" tests="2" failures="0" timestamp="5 Mar 2015 09:11:31 GMT" time="0.008" errors="0">
  <testcase name="firstTest" time="0.006" classname="com.nostalgiaguy.testng.test.ConfigurationAnnotationTransformerExample"/>
  <testcase name="secondTest" time="0.002" classname="com.nostalgiaguy.testng.test.ConfigurationAnnotationTransformerExample"/>
</testsuite> <!-- com.nostalgiaguy.testng.test.ConfigurationAnnotationTransformerExample -->
